2025-05-23T12:39:34.603354779Z stderr F I0523 12:39:34.602988       1 serving.go:386] Generated self-signed cert in-memory
2025-05-23T12:39:34.917881604Z stderr F I0523 12:39:34.917787       1 controllermanager.go:185] "Starting" version="v1.32.2"
2025-05-23T12:39:34.918107927Z stderr F I0523 12:39:34.917888       1 controllermanager.go:187] "Golang settings" GOGC="" GOMAXPROCS="" GOTRACEBACK=""
2025-05-23T12:39:34.919365578Z stderr F I0523 12:39:34.919325       1 dynamic_cafile_content.go:161] "Starting controller" name="request-header::/etc/kubernetes/pki/front-proxy-ca.crt"
2025-05-23T12:39:34.919542664Z stderr F I0523 12:39:34.919385       1 dynamic_cafile_content.go:161] "Starting controller" name="client-ca-bundle::/etc/kubernetes/pki/ca.crt"
2025-05-23T12:39:34.925109227Z stderr F I0523 12:39:34.925004       1 secure_serving.go:213] Serving securely on 127.0.0.1:10257
2025-05-23T12:39:34.925617565Z stderr F I0523 12:39:34.925568       1 leaderelection.go:257] attempting to acquire leader lease kube-system/kube-controller-manager...
2025-05-23T12:39:34.926027508Z stderr F I0523 12:39:34.925630       1 tlsconfig.go:243] "Starting DynamicServingCertificateController"
2025-05-23T12:39:36.898799691Z stderr F E0523 12:39:36.898674       1 leaderelection.go:436] error retrieving resource lock kube-system/kube-controller-manager: leases.coordination.k8s.io "kube-controller-manager" is forbidden: User "system:kube-controller-manager" cannot get resource "leases" in API group "coordination.k8s.io" in the namespace "kube-system"
2025-05-23T12:39:39.118691387Z stderr F I0523 12:39:39.118545       1 leaderelection.go:271] successfully acquired lease kube-system/kube-controller-manager
2025-05-23T12:39:39.118759083Z stderr F I0523 12:39:39.118684       1 event.go:389] "Event occurred" object="kube-system/kube-controller-manager" fieldPath="" kind="Lease" apiVersion="coordination.k8s.io/v1" type="Normal" reason="LeaderElection" message="kind-control-plane_b30e8b92-4f90-4df1-b293-f4762b29cafc became leader"
2025-05-23T12:39:39.120508623Z stderr F I0523 12:39:39.120343       1 controllermanager.go:765] "Started controller" controller="serviceaccount-token-controller"
2025-05-23T12:39:39.120536112Z stderr F I0523 12:39:39.120474       1 shared_informer.go:313] Waiting for caches to sync for tokens
2025-05-23T12:39:39.132877482Z stderr F I0523 12:39:39.132696       1 controllermanager.go:765] "Started controller" controller="garbage-collector-controller"
2025-05-23T12:39:39.132908197Z stderr F I0523 12:39:39.132730       1 garbagecollector.go:144] "Starting controller" logger="garbage-collector-controller" controller="garbagecollector"
2025-05-23T12:39:39.132911534Z stderr F I0523 12:39:39.132743       1 shared_informer.go:313] Waiting for caches to sync for garbage collector
2025-05-23T12:39:39.132914123Z stderr F I0523 12:39:39.132763       1 graph_builder.go:351] "Running" logger="garbage-collector-controller" component="GraphBuilder"
2025-05-23T12:39:39.156646092Z stderr F I0523 12:39:39.156461       1 controllermanager.go:765] "Started controller" controller="clusterrole-aggregation-controller"
2025-05-23T12:39:39.156663561Z stderr F I0523 12:39:39.156517       1 clusterroleaggregation_controller.go:194] "Starting ClusterRoleAggregator controller" logger="clusterrole-aggregation-controller"
2025-05-23T12:39:39.156666728Z stderr F I0523 12:39:39.156531       1 shared_informer.go:313] Waiting for caches to sync for ClusterRoleAggregator
2025-05-23T12:39:39.164879056Z stderr F I0523 12:39:39.164709       1 controllermanager.go:765] "Started controller" controller="replicationcontroller-controller"
2025-05-23T12:39:39.165014866Z stderr F I0523 12:39:39.164854       1 replica_set.go:217] "Starting controller" logger="replicationcontroller-controller" name="replicationcontroller"
2025-05-23T12:39:39.165046618Z stderr F I0523 12:39:39.164885       1 shared_informer.go:313] Waiting for caches to sync for ReplicationController
2025-05-23T12:39:39.1711525Z stderr F I0523 12:39:39.170964       1 controllermanager.go:765] "Started controller" controller="certificatesigningrequest-approving-controller"
2025-05-23T12:39:39.171186692Z stderr F I0523 12:39:39.171010       1 certificate_controller.go:120] "Starting certificate controller" logger="certificatesigningrequest-approving-controller" name="csrapproving"
2025-05-23T12:39:39.171190218Z stderr F I0523 12:39:39.171026       1 shared_informer.go:313] Waiting for caches to sync for certificate-csrapproving
2025-05-23T12:39:39.180257338Z stderr F I0523 12:39:39.179770       1 node_lifecycle_controller.go:432] "Controller will reconcile labels" logger="node-lifecycle-controller"
2025-05-23T12:39:39.180293781Z stderr F I0523 12:39:39.179852       1 controllermanager.go:765] "Started controller" controller="node-lifecycle-controller"
2025-05-23T12:39:39.180297695Z stderr F I0523 12:39:39.180130       1 node_lifecycle_controller.go:466] "Sending events to api server" logger="node-lifecycle-controller"
2025-05-23T12:39:39.180301201Z stderr F I0523 12:39:39.180202       1 node_lifecycle_controller.go:477] "Starting node controller" logger="node-lifecycle-controller"
2025-05-23T12:39:39.180317544Z stderr F I0523 12:39:39.180239       1 shared_informer.go:313] Waiting for caches to sync for taint
2025-05-23T12:39:39.187682441Z stderr F I0523 12:39:39.187546       1 controllermanager.go:765] "Started controller" controller="ttl-after-finished-controller"
2025-05-23T12:39:39.187753782Z stderr F I0523 12:39:39.187689       1 ttlafterfinished_controller.go:112] "Starting TTL after finished controller" logger="ttl-after-finished-controller"
2025-05-23T12:39:39.187760157Z stderr F I0523 12:39:39.187703       1 shared_informer.go:313] Waiting for caches to sync for TTL after finished
2025-05-23T12:39:39.19581325Z stderr F I0523 12:39:39.195642       1 controllermanager.go:765] "Started controller" controller="replicaset-controller"
2025-05-23T12:39:39.195970764Z stderr F I0523 12:39:39.195864       1 replica_set.go:217] "Starting controller" logger="replicaset-controller" name="replicaset"
2025-05-23T12:39:39.196105099Z stderr F I0523 12:39:39.196040       1 shared_informer.go:313] Waiting for caches to sync for ReplicaSet
2025-05-23T12:39:39.220709454Z stderr F I0523 12:39:39.220563       1 shared_informer.go:320] Caches are synced for tokens
2025-05-23T12:39:39.221124286Z stderr F I0523 12:39:39.221067       1 controllermanager.go:765] "Started controller" controller="horizontal-pod-autoscaler-controller"
2025-05-23T12:39:39.221211523Z stderr F I0523 12:39:39.221152       1 horizontal.go:201] "Starting HPA controller" logger="horizontal-pod-autoscaler-controller"
2025-05-23T12:39:39.221220497Z stderr F I0523 12:39:39.221164       1 shared_informer.go:313] Waiting for caches to sync for HPA
2025-05-23T12:39:39.278814201Z stderr F I0523 12:39:39.278751       1 controllermanager.go:765] "Started controller" controller="certificatesigningrequest-signing-controller"
2025-05-23T12:39:39.278914555Z stderr F I0523 12:39:39.278863       1 certificate_controller.go:120] "Starting certificate controller" logger="certificatesigningrequest-signing-controller" name="csrsigning-legacy-unknown"
2025-05-23T12:39:39.278956465Z stderr F I0523 12:39:39.278911       1 shared_informer.go:313] Waiting for caches to sync for certificate-csrsigning-legacy-unknown
2025-05-23T12:39:39.2790984Z stderr F I0523 12:39:39.279006       1 certificate_controller.go:120] "Starting certificate controller" logger="certificatesigningrequest-signing-controller" name="csrsigning-kubelet-serving"
2025-05-23T12:39:39.279107872Z stderr F I0523 12:39:39.279059       1 shared_informer.go:313] Waiting for caches to sync for certificate-csrsigning-kubelet-serving
2025-05-23T12:39:39.279170389Z stderr F I0523 12:39:39.279106       1 certificate_controller.go:120] "Starting certificate controller" logger="certificatesigningrequest-signing-controller" name="csrsigning-kubelet-client"
2025-05-23T12:39:39.279236541Z stderr F I0523 12:39:39.279180       1 shared_informer.go:313] Waiting for caches to sync for certificate-csrsigning-kubelet-client
2025-05-23T12:39:39.279306498Z stderr F I0523 12:39:39.279254       1 certificate_controller.go:120] "Starting certificate controller" logger="certificatesigningrequest-signing-controller" name="csrsigning-kube-apiserver-client"
2025-05-23T12:39:39.279330591Z stderr F I0523 12:39:39.279313       1 shared_informer.go:313] Waiting for caches to sync for certificate-csrsigning-kube-apiserver-client
2025-05-23T12:39:39.279505344Z stderr F I0523 12:39:39.279387       1 dynamic_serving_content.go:135] "Starting controller" name="csr-controller::/etc/kubernetes/pki/ca.crt::/etc/kubernetes/pki/ca.key"
2025-05-23T12:39:39.279517325Z stderr F I0523 12:39:39.279497       1 dynamic_serving_content.go:135] "Starting controller" name="csr-controller::/etc/kubernetes/pki/ca.crt::/etc/kubernetes/pki/ca.key"
2025-05-23T12:39:39.279608297Z stderr F I0523 12:39:39.279570       1 dynamic_serving_content.go:135] "Starting controller" name="csr-controller::/etc/kubernetes/pki/ca.crt::/etc/kubernetes/pki/ca.key"
2025-05-23T12:39:39.279691291Z stderr F I0523 12:39:39.279652       1 dynamic_serving_content.go:135] "Starting controller" name="csr-controller::/etc/kubernetes/pki/ca.crt::/etc/kubernetes/pki/ca.key"
2025-05-23T12:39:39.424239283Z stderr F I0523 12:39:39.423966       1 controllermanager.go:765] "Started controller" controller="ttl-controller"
2025-05-23T12:39:39.424335753Z stderr F I0523 12:39:39.424010       1 controllermanager.go:717] "Controller is disabled by a feature gate" controller="volumeattributesclass-protection-controller" requiredFeatureGates=["VolumeAttributesClass"]
2025-05-23T12:39:39.424403646Z stderr F I0523 12:39:39.424266       1 ttl_controller.go:127] "Starting TTL controller" logger="ttl-controller"
2025-05-23T12:39:39.424460954Z stderr F I0523 12:39:39.424331       1 shared_informer.go:313] Waiting for caches to sync for TTL
2025-05-23T12:39:39.575232282Z stderr F I0523 12:39:39.575033       1 controllermanager.go:765] "Started controller" controller="root-ca-certificate-publisher-controller"
2025-05-23T12:39:39.575267171Z stderr F I0523 12:39:39.575081       1 controllermanager.go:717] "Controller is disabled by a feature gate" controller="storageversion-garbage-collector-controller" requiredFeatureGates=["APIServerIdentity","StorageVersionAPI"]
2025-05-23T12:39:39.575270069Z stderr F I0523 12:39:39.575063       1 publisher.go:107] "Starting root CA cert publisher controller" logger="root-ca-certificate-publisher-controller"
2025-05-23T12:39:39.575273316Z stderr F I0523 12:39:39.575125       1 shared_informer.go:313] Waiting for caches to sync for crt configmap
2025-05-23T12:39:39.87728548Z stderr F W0523 12:39:39.877103       1 shared_informer.go:597] resyncPeriod 17h49m52.398780305s is smaller than resyncCheckPeriod 21h24m24.233487512s and the informer has already started. Changing it to 21h24m24.233487512s
2025-05-23T12:39:39.877319512Z stderr F I0523 12:39:39.877249       1 resource_quota_monitor.go:227] "QuotaMonitor created object count evaluator" logger="resourcequota-controller" resource="replicasets.apps"
2025-05-23T12:39:39.877461996Z stderr F I0523 12:39:39.877341       1 resource_quota_monitor.go:227] "QuotaMonitor created object count evaluator" logger="resourcequota-controller" resource="jobs.batch"
2025-05-23T12:39:39.877478798Z stderr F I0523 12:39:39.877413       1 resource_quota_monitor.go:227] "QuotaMonitor created object count evaluator" logger="resourcequota-controller" resource="horizontalpodautoscalers.autoscaling"
2025-05-23T12:39:39.877482025Z stderr F I0523 12:39:39.877454       1 resource_quota_monitor.go:227] "QuotaMonitor created object count evaluator" logger="resourcequota-controller" resource="leases.coordination.k8s.io"
2025-05-23T12:39:39.877597886Z stderr F I0523 12:39:39.877494       1 resource_quota_monitor.go:227] "QuotaMonitor created object count evaluator" logger="resourcequota-controller" resource="podtemplates"
2025-05-23T12:39:39.877604609Z stderr F I0523 12:39:39.877526       1 resource_quota_monitor.go:227] "QuotaMonitor created object count evaluator" logger="resourcequota-controller" resource="roles.rbac.authorization.k8s.io"
2025-05-23T12:39:39.877618323Z stderr F I0523 12:39:39.877534       1 resource_quota_monitor.go:227] "QuotaMonitor created object count evaluator" logger="resourcequota-controller" resource="daemonsets.apps"
2025-05-23T12:39:39.884246013Z stderr F I0523 12:39:39.884000       1 resource_quota_monitor.go:227] "QuotaMonitor created object count evaluator" logger="resourcequota-controller" resource="ingresses.networking.k8s.io"
2025-05-23T12:39:39.884293471Z stderr F I0523 12:39:39.884163       1 resource_quota_monitor.go:227] "QuotaMonitor created object count evaluator" logger="resourcequota-controller" resource="endpointslices.discovery.k8s.io"
2025-05-23T12:39:39.884615996Z stderr F I0523 12:39:39.884393       1 resource_quota_monitor.go:227] "QuotaMonitor created object count evaluator" logger="resourcequota-controller" resource="rolebindings.rbac.authorization.k8s.io"
2025-05-23T12:39:39.884622838Z stderr F I0523 12:39:39.884418       1 resource_quota_monitor.go:227] "QuotaMonitor created object count evaluator" logger="resourcequota-controller" resource="csistoragecapacities.storage.k8s.io"
2025-05-23T12:39:39.88462984Z stderr F W0523 12:39:39.884429       1 shared_informer.go:597] resyncPeriod 21h8m42.653851711s is smaller than resyncCheckPeriod 21h24m24.233487512s and the informer has already started. Changing it to 21h24m24.233487512s
2025-05-23T12:39:39.884655267Z stderr F I0523 12:39:39.884456       1 resource_quota_monitor.go:227] "QuotaMonitor created object count evaluator" logger="resourcequota-controller" resource="serviceaccounts"
2025-05-23T12:39:39.884660934Z stderr F I0523 12:39:39.884466       1 resource_quota_monitor.go:227] "QuotaMonitor created object count evaluator" logger="resourcequota-controller" resource="endpoints"
2025-05-23T12:39:39.884663454Z stderr F I0523 12:39:39.884475       1 resource_quota_monitor.go:227] "QuotaMonitor created object count evaluator" logger="resourcequota-controller" resource="limitranges"
2025-05-23T12:39:39.884665914Z stderr F I0523 12:39:39.884485       1 resource_quota_monitor.go:227] "QuotaMonitor created object count evaluator" logger="resourcequota-controller" resource="networkpolicies.networking.k8s.io"
2025-05-23T12:39:39.884692416Z stderr F I0523 12:39:39.884511       1 resource_quota_monitor.go:227] "QuotaMonitor created object count evaluator" logger="resourcequota-controller" resource="controllerrevisions.apps"
2025-05-23T12:39:39.88469895Z stderr F I0523 12:39:39.884525       1 resource_quota_monitor.go:227] "QuotaMonitor created object count evaluator" logger="resourcequota-controller" resource="deployments.apps"
2025-05-23T12:39:39.88470151Z stderr F I0523 12:39:39.884534       1 resource_quota_monitor.go:227] "QuotaMonitor created object count evaluator" logger="resourcequota-controller" resource="statefulsets.apps"
2025-05-23T12:39:39.884704049Z stderr F I0523 12:39:39.884547       1 resource_quota_monitor.go:227] "QuotaMonitor created object count evaluator" logger="resourcequota-controller" resource="cronjobs.batch"
2025-05-23T12:39:39.884706559Z stderr F I0523 12:39:39.884559       1 resource_quota_monitor.go:227] "QuotaMonitor created object count evaluator" logger="resourcequota-controller" resource="poddisruptionbudgets.policy"
2025-05-23T12:39:39.884709358Z stderr F I0523 12:39:39.884569       1 controllermanager.go:765] "Started controller" controller="resourcequota-controller"
2025-05-23T12:39:39.884885894Z stderr F I0523 12:39:39.884826       1 resource_quota_controller.go:300] "Starting resource quota controller" logger="resourcequota-controller"
2025-05-23T12:39:39.884893503Z stderr F I0523 12:39:39.884836       1 shared_informer.go:313] Waiting for caches to sync for resource quota
2025-05-23T12:39:39.884896561Z stderr F I0523 12:39:39.884850       1 resource_quota_monitor.go:308] "QuotaMonitor running" logger="resourcequota-controller"
2025-05-23T12:39:40.025494667Z stderr F I0523 12:39:40.025292       1 controllermanager.go:765] "Started controller" controller="job-controller"
2025-05-23T12:39:40.025521595Z stderr F I0523 12:39:40.025369       1 job_controller.go:243] "Starting job controller" logger="job-controller"
2025-05-23T12:39:40.025537767Z stderr F I0523 12:39:40.025378       1 shared_informer.go:313] Waiting for caches to sync for job
2025-05-23T12:39:40.071298312Z stderr F I0523 12:39:40.071143       1 controllermanager.go:765] "Started controller" controller="certificatesigningrequest-cleaner-controller"
2025-05-23T12:39:40.071313678Z stderr F I0523 12:39:40.071179       1 controllermanager.go:723] "Skipping a cloud provider controller" controller="node-route-controller"
2025-05-23T12:39:40.071316994Z stderr F I0523 12:39:40.071187       1 controllermanager.go:717] "Controller is disabled by a feature gate" controller="kube-apiserver-serving-clustertrustbundle-publisher-controller" requiredFeatureGates=["ClusterTrustBundle"]
2025-05-23T12:39:40.071326465Z stderr F I0523 12:39:40.071201       1 controllermanager.go:717] "Controller is disabled by a feature gate" controller="resourceclaim-controller" requiredFeatureGates=["DynamicResourceAllocation"]
2025-05-23T12:39:40.071333933Z stderr F I0523 12:39:40.071247       1 cleaner.go:83] "Starting CSR cleaner controller" logger="certificatesigningrequest-cleaner-controller"
2025-05-23T12:39:40.224879989Z stderr F I0523 12:39:40.224562       1 controllermanager.go:765] "Started controller" controller="legacy-serviceaccount-token-cleaner-controller"
2025-05-23T12:39:40.224913818Z stderr F I0523 12:39:40.224621       1 legacy_serviceaccount_token_cleaner.go:103] "Starting legacy service account token cleaner controller" logger="legacy-serviceaccount-token-cleaner-controller"
2025-05-23T12:39:40.224916995Z stderr F I0523 12:39:40.224632       1 shared_informer.go:313] Waiting for caches to sync for legacy-service-account-token-cleaner
2025-05-23T12:39:40.272022767Z stderr F I0523 12:39:40.271858       1 controllermanager.go:765] "Started controller" controller="taint-eviction-controller"
2025-05-23T12:39:40.272043919Z stderr F I0523 12:39:40.271894       1 controllermanager.go:717] "Controller is disabled by a feature gate" controller="selinux-warning-controller" requiredFeatureGates=["SELinuxChangePolicy"]
2025-05-23T12:39:40.272046817Z stderr F I0523 12:39:40.271939       1 taint_eviction.go:281] "Starting" logger="taint-eviction-controller" controller="taint-eviction-controller"
2025-05-23T12:39:40.272049306Z stderr F I0523 12:39:40.271952       1 taint_eviction.go:287] "Sending events to api server" logger="taint-eviction-controller"
2025-05-23T12:39:40.272056676Z stderr F I0523 12:39:40.271971       1 shared_informer.go:313] Waiting for caches to sync for taint-eviction-controller
2025-05-23T12:39:40.424380516Z stderr F I0523 12:39:40.423436       1 controllermanager.go:765] "Started controller" controller="persistentvolumeclaim-protection-controller"
2025-05-23T12:39:40.428752204Z stderr F I0523 12:39:40.428560       1 pvc_protection_controller.go:168] "Starting PVC protection controller" logger="persistentvolumeclaim-protection-controller"
2025-05-23T12:39:40.428779919Z stderr F I0523 12:39:40.428692       1 shared_informer.go:313] Waiting for caches to sync for PVC protection
2025-05-23T12:39:40.622493944Z stderr F I0523 12:39:40.622341       1 controllermanager.go:765] "Started controller" controller="validatingadmissionpolicy-status-controller"
2025-05-23T12:39:40.622620756Z stderr F I0523 12:39:40.622559       1 shared_informer.go:313] Waiting for caches to sync for validatingadmissionpolicy-status
2025-05-23T12:39:40.773608Z stderr F I0523 12:39:40.773436       1 controllermanager.go:765] "Started controller" controller="endpoints-controller"
2025-05-23T12:39:40.773631054Z stderr F I0523 12:39:40.773494       1 endpoints_controller.go:182] "Starting endpoint controller" logger="endpoints-controller"
2025-05-23T12:39:40.773634659Z stderr F I0523 12:39:40.773506       1 shared_informer.go:313] Waiting for caches to sync for endpoint
2025-05-23T12:39:40.923210424Z stderr F I0523 12:39:40.923030       1 controllermanager.go:765] "Started controller" controller="pod-garbage-collector-controller"
2025-05-23T12:39:40.923247071Z stderr F I0523 12:39:40.923103       1 gc_controller.go:99] "Starting GC controller" logger="pod-garbage-collector-controller"
2025-05-23T12:39:40.923272844Z stderr F I0523 12:39:40.923113       1 shared_informer.go:313] Waiting for caches to sync for GC
2025-05-23T12:39:41.073268365Z stderr F I0523 12:39:41.073074       1 controllermanager.go:765] "Started controller" controller="daemonset-controller"
2025-05-23T12:39:41.073292631Z stderr F I0523 12:39:41.073184       1 daemon_controller.go:294] "Starting daemon sets controller" logger="daemonset-controller"
2025-05-23T12:39:41.073301812Z stderr F I0523 12:39:41.073209       1 shared_informer.go:313] Waiting for caches to sync for daemon sets
2025-05-23T12:39:41.231243972Z stderr F I0523 12:39:41.231061       1 controllermanager.go:765] "Started controller" controller="deployment-controller"
2025-05-23T12:39:41.23159337Z stderr F I0523 12:39:41.231460       1 deployment_controller.go:173] "Starting controller" logger="deployment-controller" controller="deployment"
2025-05-23T12:39:41.231602561Z stderr F I0523 12:39:41.231494       1 shared_informer.go:313] Waiting for caches to sync for deployment
2025-05-23T12:39:41.373254391Z stderr F I0523 12:39:41.373086       1 controllermanager.go:765] "Started controller" controller="cronjob-controller"
2025-05-23T12:39:41.373273161Z stderr F I0523 12:39:41.373188       1 cronjob_controllerv2.go:145] "Starting cronjob controller v2" logger="cronjob-controller"
2025-05-23T12:39:41.373276626Z stderr F I0523 12:39:41.373197       1 shared_informer.go:313] Waiting for caches to sync for cronjob
2025-05-23T12:39:41.527743089Z stderr F I0523 12:39:41.527528       1 controllermanager.go:765] "Started controller" controller="persistentvolume-binder-controller"
2025-05-23T12:39:41.527775919Z stderr F I0523 12:39:41.527635       1 pv_controller_base.go:308] "Starting persistent volume controller" logger="persistentvolume-binder-controller"
2025-05-23T12:39:41.527779145Z stderr F I0523 12:39:41.527647       1 shared_informer.go:313] Waiting for caches to sync for persistent volume
2025-05-23T12:39:41.674369927Z stderr F I0523 12:39:41.674184       1 controllermanager.go:765] "Started controller" controller="persistentvolume-attach-detach-controller"
2025-05-23T12:39:41.674614583Z stderr F I0523 12:39:41.674471       1 attach_detach_controller.go:338] "Starting attach detach controller" logger="persistentvolume-attach-detach-controller"
2025-05-23T12:39:41.674623525Z stderr F I0523 12:39:41.674500       1 shared_informer.go:313] Waiting for caches to sync for attach detach
2025-05-23T12:39:41.822919567Z stderr F I0523 12:39:41.822744       1 controllermanager.go:765] "Started controller" controller="endpointslice-mirroring-controller"
2025-05-23T12:39:41.822934673Z stderr F I0523 12:39:41.822837       1 endpointslicemirroring_controller.go:227] "Starting EndpointSliceMirroring controller" logger="endpointslice-mirroring-controller"
2025-05-23T12:39:41.822938297Z stderr F I0523 12:39:41.822848       1 shared_informer.go:313] Waiting for caches to sync for endpoint_slice_mirroring
2025-05-23T12:39:41.973461054Z stderr F I0523 12:39:41.973193       1 controllermanager.go:765] "Started controller" controller="serviceaccount-controller"
2025-05-23T12:39:41.973637063Z stderr F I0523 12:39:41.973269       1 serviceaccounts_controller.go:114] "Starting service account controller" logger="serviceaccount-controller"
2025-05-23T12:39:41.973656201Z stderr F I0523 12:39:41.973280       1 shared_informer.go:313] Waiting for caches to sync for service account
2025-05-23T12:39:42.171968229Z stderr F I0523 12:39:42.171766       1 controllermanager.go:765] "Started controller" controller="disruption-controller"
2025-05-23T12:39:42.171993629Z stderr F I0523 12:39:42.171828       1 disruption.go:452] "Sending events to api server." logger="disruption-controller"
2025-05-23T12:39:42.172000001Z stderr F I0523 12:39:42.171845       1 disruption.go:463] "Starting disruption controller" logger="disruption-controller"
2025-05-23T12:39:42.172020591Z stderr F I0523 12:39:42.171853       1 shared_informer.go:313] Waiting for caches to sync for disruption
2025-05-23T12:39:42.323969044Z stderr F I0523 12:39:42.323760       1 controllermanager.go:765] "Started controller" controller="statefulset-controller"
2025-05-23T12:39:42.323995967Z stderr F I0523 12:39:42.323793       1 controllermanager.go:723] "Skipping a cloud provider controller" controller="cloud-node-lifecycle-controller"
2025-05-23T12:39:42.323998944Z stderr F I0523 12:39:42.323851       1 stateful_set.go:166] "Starting stateful set controller" logger="statefulset-controller"
2025-05-23T12:39:42.324001403Z stderr F I0523 12:39:42.323859       1 shared_informer.go:313] Waiting for caches to sync for stateful set
2025-05-23T12:39:42.474498493Z stderr F I0523 12:39:42.474263       1 controllermanager.go:765] "Started controller" controller="endpointslice-controller"
2025-05-23T12:39:42.474533819Z stderr F I0523 12:39:42.474348       1 endpointslice_controller.go:281] "Starting endpoint slice controller" logger="endpointslice-controller"
2025-05-23T12:39:42.474541505Z stderr F I0523 12:39:42.474367       1 shared_informer.go:313] Waiting for caches to sync for endpoint_slice
2025-05-23T12:39:42.725783083Z stderr F I0523 12:39:42.725575       1 controllermanager.go:765] "Started controller" controller="namespace-controller"
2025-05-23T12:39:42.725810394Z stderr F I0523 12:39:42.725615       1 namespace_controller.go:202] "Starting namespace controller" logger="namespace-controller"
2025-05-23T12:39:42.72581368Z stderr F I0523 12:39:42.725629       1 shared_informer.go:313] Waiting for caches to sync for namespace
2025-05-23T12:39:42.872599374Z stderr F I0523 12:39:42.872411       1 controllermanager.go:765] "Started controller" controller="bootstrap-signer-controller"
2025-05-23T12:39:42.872627491Z stderr F I0523 12:39:42.872439       1 shared_informer.go:313] Waiting for caches to sync for bootstrap_signer
2025-05-23T12:39:43.022555343Z stderr F I0523 12:39:43.022371       1 controllermanager.go:765] "Started controller" controller="token-cleaner-controller"
2025-05-23T12:39:43.022574607Z stderr F I0523 12:39:43.022440       1 tokencleaner.go:117] "Starting token cleaner controller" logger="token-cleaner-controller"
2025-05-23T12:39:43.022577594Z stderr F I0523 12:39:43.022449       1 shared_informer.go:313] Waiting for caches to sync for token_cleaner
2025-05-23T12:39:43.022580531Z stderr F I0523 12:39:43.022455       1 shared_informer.go:320] Caches are synced for token_cleaner
2025-05-23T12:39:43.174617915Z stderr F W0523 12:39:43.174461       1 type.go:183] The watchlist request for nodes ended with an error, falling back to the standard LIST semantics, err = nodes is forbidden: User "system:serviceaccount:kube-system:node-controller" cannot watch resource "nodes" in API group "" at the cluster scope
2025-05-23T12:39:43.176501612Z stderr F I0523 12:39:43.176359       1 range_allocator.go:112] "No Secondary Service CIDR provided. Skipping filtering out secondary service addresses" logger="node-ipam-controller"
2025-05-23T12:39:43.176511369Z stderr F I0523 12:39:43.176404       1 controllermanager.go:765] "Started controller" controller="node-ipam-controller"
2025-05-23T12:39:43.176514365Z stderr F I0523 12:39:43.176434       1 controllermanager.go:723] "Skipping a cloud provider controller" controller="service-lb-controller"
2025-05-23T12:39:43.176579626Z stderr F I0523 12:39:43.176498       1 node_ipam_controller.go:141] "Starting ipam controller" logger="node-ipam-controller"
2025-05-23T12:39:43.176587859Z stderr F I0523 12:39:43.176524       1 shared_informer.go:313] Waiting for caches to sync for node
2025-05-23T12:39:43.327902838Z stderr F I0523 12:39:43.327688       1 controllermanager.go:765] "Started controller" controller="persistentvolume-expander-controller"
2025-05-23T12:39:43.327930545Z stderr F I0523 12:39:43.327725       1 expand_controller.go:329] "Starting expand controller" logger="persistentvolume-expander-controller"
2025-05-23T12:39:43.327934079Z stderr F I0523 12:39:43.327748       1 shared_informer.go:313] Waiting for caches to sync for expand
2025-05-23T12:39:43.473600816Z stderr F I0523 12:39:43.473409       1 controllermanager.go:765] "Started controller" controller="persistentvolume-protection-controller"
2025-05-23T12:39:43.473626183Z stderr F I0523 12:39:43.473448       1 pv_protection_controller.go:81] "Starting PV protection controller" logger="persistentvolume-protection-controller"
2025-05-23T12:39:43.47362925Z stderr F I0523 12:39:43.473461       1 shared_informer.go:313] Waiting for caches to sync for PV protection
2025-05-23T12:39:43.628025928Z stderr F I0523 12:39:43.627796       1 controllermanager.go:765] "Started controller" controller="ephemeral-volume-controller"
2025-05-23T12:39:43.628050987Z stderr F I0523 12:39:43.627832       1 controllermanager.go:717] "Controller is disabled by a feature gate" controller="service-cidr-controller" requiredFeatureGates=["MultiCIDRServiceAllocator"]
2025-05-23T12:39:43.628053596Z stderr F I0523 12:39:43.627839       1 controller.go:173] "Starting ephemeral volume controller" logger="ephemeral-volume-controller"
2025-05-23T12:39:43.628056523Z stderr F I0523 12:39:43.627870       1 shared_informer.go:313] Waiting for caches to sync for ephemeral
2025-05-23T12:39:43.62805925Z stderr F I0523 12:39:43.627852       1 controllermanager.go:743] "Warning: skipping controller" controller="storage-version-migrator-controller"
2025-05-23T12:39:43.629965347Z stderr F I0523 12:39:43.629810       1 shared_informer.go:313] Waiting for caches to sync for resource quota
2025-05-23T12:39:43.641166587Z stderr F I0523 12:39:43.641001       1 shared_informer.go:313] Waiting for caches to sync for garbage collector
2025-05-23T12:39:43.643347823Z stderr F I0523 12:39:43.643209       1 actual_state_of_world.go:541] "Failed to update statusUpdateNeeded field in actual state of world" logger="persistentvolume-attach-detach-controller" err="Failed to set statusUpdateNeeded to needed true, because nodeName=\"kind-control-plane\" does not exist"
2025-05-23T12:39:43.657184123Z stderr F I0523 12:39:43.657079       1 shared_informer.go:320] Caches are synced for ClusterRoleAggregator
2025-05-23T12:39:43.665631359Z stderr F I0523 12:39:43.665309       1 shared_informer.go:320] Caches are synced for ReplicationController
2025-05-23T12:39:43.671671314Z stderr F I0523 12:39:43.671550       1 shared_informer.go:320] Caches are synced for certificate-csrapproving
2025-05-23T12:39:43.672887434Z stderr F I0523 12:39:43.672815       1 shared_informer.go:320] Caches are synced for bootstrap_signer
2025-05-23T12:39:43.672894782Z stderr F I0523 12:39:43.672842       1 shared_informer.go:320] Caches are synced for disruption
2025-05-23T12:39:43.673013455Z stderr F I0523 12:39:43.672909       1 shared_informer.go:320] Caches are synced for taint-eviction-controller
2025-05-23T12:39:43.674162752Z stderr F I0523 12:39:43.674051       1 shared_informer.go:320] Caches are synced for cronjob
2025-05-23T12:39:43.674170119Z stderr F I0523 12:39:43.674082       1 shared_informer.go:320] Caches are synced for endpoint
2025-05-23T12:39:43.6741879Z stderr F I0523 12:39:43.674100       1 shared_informer.go:320] Caches are synced for PV protection
2025-05-23T12:39:43.674193226Z stderr F I0523 12:39:43.674111       1 shared_informer.go:320] Caches are synced for daemon sets
2025-05-23T12:39:43.674195735Z stderr F I0523 12:39:43.674121       1 shared_informer.go:320] Caches are synced for service account
2025-05-23T12:39:43.675368528Z stderr F I0523 12:39:43.675298       1 shared_informer.go:320] Caches are synced for crt configmap
2025-05-23T12:39:43.675376513Z stderr F I0523 12:39:43.675333       1 shared_informer.go:320] Caches are synced for attach detach
2025-05-23T12:39:43.675470346Z stderr F I0523 12:39:43.675316       1 shared_informer.go:320] Caches are synced for endpoint_slice
2025-05-23T12:39:43.676918168Z stderr F I0523 12:39:43.676851       1 shared_informer.go:320] Caches are synced for node
2025-05-23T12:39:43.677137426Z stderr F I0523 12:39:43.676969       1 range_allocator.go:177] "Sending events to api server" logger="node-ipam-controller"
2025-05-23T12:39:43.677185762Z stderr F I0523 12:39:43.677005       1 range_allocator.go:183] "Starting range CIDR allocator" logger="node-ipam-controller"
2025-05-23T12:39:43.677191606Z stderr F I0523 12:39:43.677011       1 shared_informer.go:313] Waiting for caches to sync for cidrallocator
2025-05-23T12:39:43.677195489Z stderr F I0523 12:39:43.677016       1 shared_informer.go:320] Caches are synced for cidrallocator
2025-05-23T12:39:43.679138092Z stderr F I0523 12:39:43.679025       1 shared_informer.go:320] Caches are synced for certificate-csrsigning-legacy-unknown
2025-05-23T12:39:43.679154081Z stderr F I0523 12:39:43.679139       1 shared_informer.go:320] Caches are synced for certificate-csrsigning-kubelet-serving
2025-05-23T12:39:43.679537929Z stderr F I0523 12:39:43.679344       1 shared_informer.go:320] Caches are synced for certificate-csrsigning-kubelet-client
2025-05-23T12:39:43.679747915Z stderr F I0523 12:39:43.679592       1 shared_informer.go:320] Caches are synced for certificate-csrsigning-kube-apiserver-client
2025-05-23T12:39:43.681093322Z stderr F I0523 12:39:43.680826       1 shared_informer.go:320] Caches are synced for taint
2025-05-23T12:39:43.681111869Z stderr F I0523 12:39:43.680929       1 node_lifecycle_controller.go:1234] "Initializing eviction metric for zone" logger="node-lifecycle-controller" zone=""
2025-05-23T12:39:43.68111612Z stderr F I0523 12:39:43.681006       1 node_lifecycle_controller.go:886] "Missing timestamp for Node. Assuming now as a timestamp" logger="node-lifecycle-controller" node="kind-control-plane"
2025-05-23T12:39:43.681488519Z stderr F I0523 12:39:43.681136       1 node_lifecycle_controller.go:1038] "Controller detected that all Nodes are not-Ready. Entering master disruption mode" logger="node-lifecycle-controller"
2025-05-23T12:39:43.685065825Z stderr F I0523 12:39:43.684913       1 shared_informer.go:320] Caches are synced for resource quota
2025-05-23T12:39:43.685223365Z stderr F I0523 12:39:43.685115       1 range_allocator.go:428] "Set node PodCIDR" logger="node-ipam-controller" node="kind-control-plane" podCIDRs=["10.244.0.0/24"]
2025-05-23T12:39:43.685260749Z stderr F I0523 12:39:43.685228       1 range_allocator.go:247] "Successfully synced" logger="node-ipam-controller" key="kind-control-plane"
2025-05-23T12:39:43.685430775Z stderr F I0523 12:39:43.685307       1 range_allocator.go:247] "Successfully synced" logger="node-ipam-controller" key="kind-control-plane"
2025-05-23T12:39:43.688216925Z stderr F I0523 12:39:43.688106       1 shared_informer.go:320] Caches are synced for TTL after finished
2025-05-23T12:39:43.696598304Z stderr F I0523 12:39:43.696452       1 shared_informer.go:320] Caches are synced for ReplicaSet
2025-05-23T12:39:43.722049219Z stderr F I0523 12:39:43.721894       1 shared_informer.go:320] Caches are synced for HPA
2025-05-23T12:39:43.723249151Z stderr F I0523 12:39:43.723168       1 shared_informer.go:320] Caches are synced for GC
2025-05-23T12:39:43.723258968Z stderr F I0523 12:39:43.723179       1 shared_informer.go:320] Caches are synced for endpoint_slice_mirroring
2025-05-23T12:39:43.723266076Z stderr F I0523 12:39:43.723214       1 shared_informer.go:320] Caches are synced for validatingadmissionpolicy-status
2025-05-23T12:39:43.724487931Z stderr F I0523 12:39:43.724383       1 shared_informer.go:320] Caches are synced for stateful set
2025-05-23T12:39:43.724495508Z stderr F I0523 12:39:43.724418       1 shared_informer.go:320] Caches are synced for TTL
2025-05-23T12:39:43.725061595Z stderr F I0523 12:39:43.725017       1 shared_informer.go:320] Caches are synced for legacy-service-account-token-cleaner
2025-05-23T12:39:43.725737105Z stderr F I0523 12:39:43.725655       1 shared_informer.go:320] Caches are synced for job
2025-05-23T12:39:43.725745378Z stderr F I0523 12:39:43.725689       1 shared_informer.go:320] Caches are synced for namespace
2025-05-23T12:39:43.728664806Z stderr F I0523 12:39:43.728576       1 shared_informer.go:320] Caches are synced for ephemeral
2025-05-23T12:39:43.728706452Z stderr F I0523 12:39:43.728605       1 shared_informer.go:320] Caches are synced for persistent volume
2025-05-23T12:39:43.728717404Z stderr F I0523 12:39:43.728672       1 shared_informer.go:320] Caches are synced for expand
2025-05-23T12:39:43.729104594Z stderr F I0523 12:39:43.728968       1 shared_informer.go:320] Caches are synced for PVC protection
2025-05-23T12:39:43.730409272Z stderr F I0523 12:39:43.730223       1 shared_informer.go:320] Caches are synced for resource quota
2025-05-23T12:39:43.732351499Z stderr F I0523 12:39:43.731833       1 shared_informer.go:320] Caches are synced for deployment
2025-05-23T12:39:43.732932559Z stderr F I0523 12:39:43.732822       1 shared_informer.go:320] Caches are synced for garbage collector
2025-05-23T12:39:43.732942117Z stderr F I0523 12:39:43.732856       1 garbagecollector.go:154] "Garbage collector: all resource monitors have synced" logger="garbage-collector-controller"
2025-05-23T12:39:43.732945243Z stderr F I0523 12:39:43.732863       1 garbagecollector.go:157] "Proceeding to collect garbage" logger="garbage-collector-controller"
2025-05-23T12:39:43.741306641Z stderr F I0523 12:39:43.741193       1 shared_informer.go:320] Caches are synced for garbage collector
2025-05-23T12:39:44.630576254Z stderr F I0523 12:39:44.630455       1 range_allocator.go:247] "Successfully synced" logger="node-ipam-controller" key="kind-control-plane"
2025-05-23T12:39:44.83680387Z stderr F I0523 12:39:44.836548       1 replica_set.go:679] "Finished syncing" logger="replicaset-controller" kind="ReplicaSet" key="local-path-storage/local-path-provisioner-7dc846544d" duration="100.361392ms"
2025-05-23T12:39:44.841811884Z stderr F I0523 12:39:44.841612       1 replica_set.go:679] "Finished syncing" logger="replicaset-controller" kind="ReplicaSet" key="local-path-storage/local-path-provisioner-7dc846544d" duration="5.004332ms"
2025-05-23T12:39:44.841831434Z stderr F I0523 12:39:44.841691       1 replica_set.go:679] "Finished syncing" logger="replicaset-controller" kind="ReplicaSet" key="local-path-storage/local-path-provisioner-7dc846544d" duration="29.853µs"
2025-05-23T12:39:44.849386441Z stderr F I0523 12:39:44.849191       1 replica_set.go:679] "Finished syncing" logger="replicaset-controller" kind="ReplicaSet" key="kube-system/coredns-668d6bf9bc" duration="112.803613ms"
2025-05-23T12:39:44.85549457Z stderr F I0523 12:39:44.855321       1 replica_set.go:679] "Finished syncing" logger="replicaset-controller" kind="ReplicaSet" key="local-path-storage/local-path-provisioner-7dc846544d" duration="26.455µs"
2025-05-23T12:39:44.856101981Z stderr F I0523 12:39:44.855886       1 replica_set.go:679] "Finished syncing" logger="replicaset-controller" kind="ReplicaSet" key="kube-system/coredns-668d6bf9bc" duration="6.617496ms"
2025-05-23T12:39:44.85651898Z stderr F I0523 12:39:44.856239       1 replica_set.go:679] "Finished syncing" logger="replicaset-controller" kind="ReplicaSet" key="kube-system/coredns-668d6bf9bc" duration="175.518µs"
2025-05-23T12:39:57.527547922Z stderr F I0523 12:39:57.527373       1 range_allocator.go:247] "Successfully synced" logger="node-ipam-controller" key="kind-control-plane"
2025-05-23T12:39:57.534232502Z stderr F I0523 12:39:57.534087       1 range_allocator.go:247] "Successfully synced" logger="node-ipam-controller" key="kind-control-plane"
2025-05-23T12:39:57.539699594Z stderr F I0523 12:39:57.539558       1 replica_set.go:679] "Finished syncing" logger="replicaset-controller" kind="ReplicaSet" key="kube-system/coredns-668d6bf9bc" duration="38.306µs"
2025-05-23T12:39:57.541561319Z stderr F I0523 12:39:57.541437       1 replica_set.go:679] "Finished syncing" logger="replicaset-controller" kind="ReplicaSet" key="local-path-storage/local-path-provisioner-7dc846544d" duration="35.444µs"
2025-05-23T12:39:57.541700783Z stderr F I0523 12:39:57.541484       1 replica_set.go:679] "Finished syncing" logger="replicaset-controller" kind="ReplicaSet" key="kube-system/coredns-668d6bf9bc" duration="25.887µs"
2025-05-23T12:39:57.555474937Z stderr F I0523 12:39:57.555261       1 replica_set.go:679] "Finished syncing" logger="replicaset-controller" kind="ReplicaSet" key="kube-system/coredns-668d6bf9bc" duration="56.969µs"
2025-05-23T12:39:57.56461023Z stderr F I0523 12:39:57.564478       1 replica_set.go:679] "Finished syncing" logger="replicaset-controller" kind="ReplicaSet" key="kube-system/coredns-668d6bf9bc" duration="46.192µs"
2025-05-23T12:39:57.574170672Z stderr F I0523 12:39:57.573988       1 replica_set.go:679] "Finished syncing" logger="replicaset-controller" kind="ReplicaSet" key="local-path-storage/local-path-provisioner-7dc846544d" duration="33.763µs"
2025-05-23T12:39:58.723142968Z stderr F I0523 12:39:58.723023       1 node_lifecycle_controller.go:1057] "Controller detected that some Nodes are Ready. Exiting master disruption mode" logger="node-lifecycle-controller"
2025-05-23T12:40:00.44051949Z stderr F I0523 12:40:00.440341       1 replica_set.go:679] "Finished syncing" logger="replicaset-controller" kind="ReplicaSet" key="local-path-storage/local-path-provisioner-7dc846544d" duration="5.031642ms"
2025-05-23T12:40:00.443420421Z stderr F I0523 12:40:00.443213       1 replica_set.go:679] "Finished syncing" logger="replicaset-controller" kind="ReplicaSet" key="local-path-storage/local-path-provisioner-7dc846544d" duration="39.912µs"
2025-05-23T12:40:00.454235542Z stderr F I0523 12:40:00.454111       1 replica_set.go:679] "Finished syncing" logger="replicaset-controller" kind="ReplicaSet" key="kube-system/coredns-668d6bf9bc" duration="8.335261ms"
2025-05-23T12:40:00.454672488Z stderr F I0523 12:40:00.454630       1 replica_set.go:679] "Finished syncing" logger="replicaset-controller" kind="ReplicaSet" key="kube-system/coredns-668d6bf9bc" duration="37.545µs"
2025-05-23T12:40:00.467374232Z stderr F I0523 12:40:00.467188       1 replica_set.go:679] "Finished syncing" logger="replicaset-controller" kind="ReplicaSet" key="kube-system/coredns-668d6bf9bc" duration="5.103501ms"
2025-05-23T12:40:00.467403794Z stderr F I0523 12:40:00.467306       1 replica_set.go:679] "Finished syncing" logger="replicaset-controller" kind="ReplicaSet" key="kube-system/coredns-668d6bf9bc" duration="43.699µs"
2025-05-23T12:43:55.520910908Z stderr F I0523 12:43:55.520741       1 range_allocator.go:247] "Successfully synced" logger="node-ipam-controller" key="kind-control-plane"
2025-05-23T12:49:02.072055088Z stderr F I0523 12:49:02.071883       1 range_allocator.go:247] "Successfully synced" logger="node-ipam-controller" key="kind-control-plane"
2025-05-23T12:54:08.980518488Z stderr F I0523 12:54:08.980293       1 range_allocator.go:247] "Successfully synced" logger="node-ipam-controller" key="kind-control-plane"
2025-05-23T12:59:15.375028728Z stderr F I0523 12:59:15.374912       1 range_allocator.go:247] "Successfully synced" logger="node-ipam-controller" key="kind-control-plane"
2025-05-23T13:04:22.023262817Z stderr F I0523 13:04:22.023021       1 range_allocator.go:247] "Successfully synced" logger="node-ipam-controller" key="kind-control-plane"
2025-05-23T13:09:29.342882502Z stderr F I0523 13:09:29.342657       1 range_allocator.go:247] "Successfully synced" logger="node-ipam-controller" key="kind-control-plane"
